c:\users\instructor\desktop\exercise files\ch05\05_01\queueexample\debug\vc141.pdb
c:\users\instructor\desktop\exercise files\ch05\05_01\queueexample\debug\vc141.idb
c:\users\instructor\desktop\exercise files\ch05\05_01\queueexample\debug\trcsnapshotrecorder.obj
c:\users\instructor\desktop\exercise files\ch05\05_01\queueexample\debug\trckernelport.obj
c:\users\instructor\desktop\exercise files\ch05\05_01\queueexample\debug\croutine.obj
c:\users\instructor\desktop\exercise files\ch05\05_01\queueexample\debug\event_groups.obj
c:\users\instructor\desktop\exercise files\ch05\05_01\queueexample\debug\list.obj
c:\users\instructor\desktop\exercise files\ch05\05_01\queueexample\debug\heap_5.obj
c:\users\instructor\desktop\exercise files\ch05\05_01\queueexample\debug\port.obj
c:\users\instructor\desktop\exercise files\ch05\05_01\queueexample\debug\queue.obj
c:\users\instructor\desktop\exercise files\ch05\05_01\queueexample\debug\stream_buffer.obj
c:\users\instructor\desktop\exercise files\ch05\05_01\queueexample\debug\tasks.obj
c:\users\instructor\desktop\exercise files\ch05\05_01\queueexample\debug\timers.obj
c:\users\instructor\desktop\exercise files\ch05\05_01\queueexample\debug\main.obj
c:\users\instructor\desktop\exercise files\ch05\05_01\queueexample\debug\main_app.obj
c:\users\instructor\desktop\exercise files\ch05\05_01\queueexample\debug\run-time-stats-utils.obj
c:\users\instructor\desktop\exercise files\ch05\05_01\queueexample\debug\supporting_functions.obj
c:\users\instructor\desktop\exercise files\ch05\05_01\queueexample\debug\queueexample.ilk
c:\users\instructor\desktop\exercise files\ch05\05_01\queueexample\debug\queueexample.exe
c:\users\instructor\desktop\exercise files\ch05\05_01\queueexample\debug\win32.pdb
c:\users\instructor\desktop\exercise files\ch05\05_01\queueexample\.\debug\queueexample.exe
c:\users\instructor\desktop\exercise files\ch05\05_01\queueexample\debug\queueexample.tlog\cl.command.1.tlog
c:\users\instructor\desktop\exercise files\ch05\05_01\queueexample\debug\queueexample.tlog\cl.read.1.tlog
c:\users\instructor\desktop\exercise files\ch05\05_01\queueexample\debug\queueexample.tlog\cl.write.1.tlog
c:\users\instructor\desktop\exercise files\ch05\05_01\queueexample\debug\queueexample.tlog\link.command.1.tlog
c:\users\instructor\desktop\exercise files\ch05\05_01\queueexample\debug\queueexample.tlog\link.read.1.tlog
c:\users\instructor\desktop\exercise files\ch05\05_01\queueexample\debug\queueexample.tlog\link.write.1.tlog
