c:\users\instructor\desktop\exercise files\ch04\04_05\deadlockexample\debug\vc141.pdb
c:\users\instructor\desktop\exercise files\ch04\04_05\deadlockexample\debug\vc141.idb
c:\users\instructor\desktop\exercise files\ch04\04_05\deadlockexample\debug\trcsnapshotrecorder.obj
c:\users\instructor\desktop\exercise files\ch04\04_05\deadlockexample\debug\trckernelport.obj
c:\users\instructor\desktop\exercise files\ch04\04_05\deadlockexample\debug\croutine.obj
c:\users\instructor\desktop\exercise files\ch04\04_05\deadlockexample\debug\event_groups.obj
c:\users\instructor\desktop\exercise files\ch04\04_05\deadlockexample\debug\list.obj
c:\users\instructor\desktop\exercise files\ch04\04_05\deadlockexample\debug\heap_5.obj
c:\users\instructor\desktop\exercise files\ch04\04_05\deadlockexample\debug\port.obj
c:\users\instructor\desktop\exercise files\ch04\04_05\deadlockexample\debug\queue.obj
c:\users\instructor\desktop\exercise files\ch04\04_05\deadlockexample\debug\stream_buffer.obj
c:\users\instructor\desktop\exercise files\ch04\04_05\deadlockexample\debug\tasks.obj
c:\users\instructor\desktop\exercise files\ch04\04_05\deadlockexample\debug\timers.obj
c:\users\instructor\desktop\exercise files\ch04\04_05\deadlockexample\debug\main.obj
c:\users\instructor\desktop\exercise files\ch04\04_05\deadlockexample\debug\main_app.obj
c:\users\instructor\desktop\exercise files\ch04\04_05\deadlockexample\debug\run-time-stats-utils.obj
c:\users\instructor\desktop\exercise files\ch04\04_05\deadlockexample\debug\supporting_functions.obj
c:\users\instructor\desktop\exercise files\ch04\04_05\deadlockexample\debug\deadlockexample.ilk
c:\users\instructor\desktop\exercise files\ch04\04_05\deadlockexample\debug\deadlockexample.exe
c:\users\instructor\desktop\exercise files\ch04\04_05\deadlockexample\debug\win32.pdb
c:\users\instructor\desktop\exercise files\ch04\04_05\deadlockexample\.\debug\deadlockexample.exe
c:\users\instructor\desktop\exercise files\ch04\04_05\deadlockexample\debug\deadlockexample.tlog\cl.command.1.tlog
c:\users\instructor\desktop\exercise files\ch04\04_05\deadlockexample\debug\deadlockexample.tlog\cl.read.1.tlog
c:\users\instructor\desktop\exercise files\ch04\04_05\deadlockexample\debug\deadlockexample.tlog\cl.write.1.tlog
c:\users\instructor\desktop\exercise files\ch04\04_05\deadlockexample\debug\deadlockexample.tlog\link.command.1.tlog
c:\users\instructor\desktop\exercise files\ch04\04_05\deadlockexample\debug\deadlockexample.tlog\link.read.1.tlog
c:\users\instructor\desktop\exercise files\ch04\04_05\deadlockexample\debug\deadlockexample.tlog\link.write.1.tlog
