e:\exercise files\ch07\07_01\timerexample\debug\timerexample.exe
e:\exercise files\ch07\07_01\timerexample\debug\timerexample.ilk
e:\exercise files\ch07\07_01\timerexample\debug\win32.pdb
e:\exercise files\ch07\07_01\timerexample\debug\vc141.pdb
e:\exercise files\ch07\07_01\timerexample\debug\vc141.idb
e:\exercise files\ch07\07_01\timerexample\debug\trckernelport.obj
e:\exercise files\ch07\07_01\timerexample\debug\trcsnapshotrecorder.obj
e:\exercise files\ch07\07_01\timerexample\debug\croutine.obj
e:\exercise files\ch07\07_01\timerexample\debug\event_groups.obj
e:\exercise files\ch07\07_01\timerexample\debug\heap_5.obj
e:\exercise files\ch07\07_01\timerexample\debug\stream_buffer.obj
e:\exercise files\ch07\07_01\timerexample\debug\timers.obj
e:\exercise files\ch07\07_01\timerexample\debug\main.obj
e:\exercise files\ch07\07_01\timerexample\debug\list.obj
e:\exercise files\ch07\07_01\timerexample\debug\port.obj
e:\exercise files\ch07\07_01\timerexample\debug\queue.obj
e:\exercise files\ch07\07_01\timerexample\debug\tasks.obj
e:\exercise files\ch07\07_01\timerexample\debug\main_app.obj
e:\exercise files\ch07\07_01\timerexample\debug\run-time-stats-utils.obj
e:\exercise files\ch07\07_01\timerexample\debug\supporting_functions.obj
e:\exercise files\ch07\07_01\timerexample\.\debug\timerexample.exe
e:\exercise files\ch07\07_01\timerexample\debug\timerexample.tlog\link.read.1.tlog
e:\exercise files\ch07\07_01\timerexample\debug\timerexample.tlog\link.command.1.tlog
e:\exercise files\ch07\07_01\timerexample\debug\timerexample.tlog\link.write.1.tlog
e:\exercise files\ch07\07_01\timerexample\debug\timerexample.tlog\cl.read.1.tlog
e:\exercise files\ch07\07_01\timerexample\debug\timerexample.tlog\cl.command.1.tlog
e:\exercise files\ch07\07_01\timerexample\debug\timerexample.tlog\cl.write.1.tlog
