e:\exercise files\ch05\05_02\semaphoreexample\debug\win32.pdb
e:\exercise files\ch05\05_02\semaphoreexample\debug\vc141.pdb
e:\exercise files\ch05\05_02\semaphoreexample\debug\vc141.idb
e:\exercise files\ch05\05_02\semaphoreexample\debug\trcsnapshotrecorder.obj
e:\exercise files\ch05\05_02\semaphoreexample\debug\trckernelport.obj
e:\exercise files\ch05\05_02\semaphoreexample\debug\croutine.obj
e:\exercise files\ch05\05_02\semaphoreexample\debug\event_groups.obj
e:\exercise files\ch05\05_02\semaphoreexample\debug\list.obj
e:\exercise files\ch05\05_02\semaphoreexample\debug\heap_5.obj
e:\exercise files\ch05\05_02\semaphoreexample\debug\port.obj
e:\exercise files\ch05\05_02\semaphoreexample\debug\queue.obj
e:\exercise files\ch05\05_02\semaphoreexample\debug\stream_buffer.obj
e:\exercise files\ch05\05_02\semaphoreexample\debug\tasks.obj
e:\exercise files\ch05\05_02\semaphoreexample\debug\timers.obj
e:\exercise files\ch05\05_02\semaphoreexample\debug\main.obj
e:\exercise files\ch05\05_02\semaphoreexample\debug\main_app.obj
e:\exercise files\ch05\05_02\semaphoreexample\debug\run-time-stats-utils.obj
e:\exercise files\ch05\05_02\semaphoreexample\debug\supporting_functions.obj
e:\exercise files\ch05\05_02\semaphoreexample\debug\semaphoreexample.ilk
e:\exercise files\ch05\05_02\semaphoreexample\.\debug\semaphoreexample.exe
e:\exercise files\ch05\05_02\semaphoreexample\debug\semaphoreexample.tlog\link.read.1.tlog
e:\exercise files\ch05\05_02\semaphoreexample\debug\semaphoreexample.tlog\link.command.1.tlog
e:\exercise files\ch05\05_02\semaphoreexample\debug\semaphoreexample.tlog\link.write.1.tlog
e:\exercise files\ch05\05_02\semaphoreexample\debug\semaphoreexample.tlog\cl.read.1.tlog
e:\exercise files\ch05\05_02\semaphoreexample\debug\semaphoreexample.tlog\cl.command.1.tlog
e:\exercise files\ch05\05_02\semaphoreexample\debug\semaphoreexample.tlog\cl.write.1.tlog
